<?xml version="1.0" encoding="UTF-8"?>
<coverage generated="1529637197897" clover="3.2.0">
  <project timestamp="1529637197897" name="All files">
    <metrics statements="17" coveredstatements="17" conditionals="6" coveredconditionals="5" methods="5" coveredmethods="5" elements="28" coveredelements="27" complexity="0" loc="17" ncloc="17" packages="1" files="1" classes="1">
      <file name="debounce.js" path="/Users/kong/github/write-your-own/utils/debounce.js">
        <metrics statements="17" coveredstatements="17" conditionals="6" coveredconditionals="5" methods="5" coveredmethods="5"/>
        <line num="1" count="1" type="stmt"/>
        <line num="2" count="3" type="stmt"/>
        <line num="3" count="3" type="stmt"/>
        <line num="5" count="3" type="stmt"/>
        <line num="6" count="6" type="cond" truecount="2" falsecount="0"/>
        <line num="7" count="2" type="stmt"/>
        <line num="10" count="6" type="cond" truecount="2" falsecount="0"/>
        <line num="11" count="2" type="stmt"/>
        <line num="12" count="2" type="cond" truecount="1" falsecount="1"/>
        <line num="13" count="2" type="stmt"/>
        <line num="14" count="2" type="stmt"/>
        <line num="17" count="4" type="stmt"/>
        <line num="20" count="6" type="stmt"/>
        <line num="23" count="3" type="stmt"/>
        <line num="24" count="1" type="stmt"/>
        <line num="25" count="1" type="stmt"/>
        <line num="28" count="3" type="stmt"/>
      </file>
    </metrics>
  </project>
</coverage>
