{"/Users/kong/github/write-your-own/utils/debounce.js": {"path":"/Users/kong/github/write-your-own/utils/debounce.js","statementMap":{"0":{"start":{"line":1,"column":0},"end":{"line":29,"column":1}},"1":{"start":{"line":2,"column":16},"end":{"line":2,"column":20}},"2":{"start":{"line":3,"column":12},"end":{"line":3,"column":16}},"3":{"start":{"line":5,"column":18},"end":{"line":21,"column":3}},"4":{"start":{"line":6,"column":4},"end":{"line":8,"column":5}},"5":{"start":{"line":7,"column":6},"end":{"line":7,"column":27}},"6":{"start":{"line":10,"column":4},"end":{"line":18,"column":5}},"7":{"start":{"line":11,"column":20},"end":{"line":11,"column":28}},"8":{"start":{"line":12,"column":6},"end":{"line":15,"column":7}},"9":{"start":{"line":13,"column":8},"end":{"line":13,"column":46}},"10":{"start":{"line":13,"column":25},"end":{"line":13,"column":39}},"11":{"start":{"line":14,"column":8},"end":{"line":14,"column":34}},"12":{"start":{"line":17,"column":6},"end":{"line":17,"column":60}},"13":{"start":{"line":17,"column":33},"end":{"line":17,"column":53}},"14":{"start":{"line":20,"column":4},"end":{"line":20,"column":14}},"15":{"start":{"line":23,"column":2},"end":{"line":26,"column":3}},"16":{"start":{"line":24,"column":4},"end":{"line":24,"column":25}},"17":{"start":{"line":25,"column":4},"end":{"line":25,"column":18}},"18":{"start":{"line":28,"column":2},"end":{"line":28,"column":18}}},"fnMap":{"0":{"name":"(anonymous_0)","decl":{"start":{"line":1,"column":17},"end":{"line":1,"column":18}},"loc":{"start":{"line":1,"column":42},"end":{"line":29,"column":1}},"line":1},"1":{"name":"(anonymous_1)","decl":{"start":{"line":5,"column":18},"end":{"line":5,"column":19}},"loc":{"start":{"line":5,"column":36},"end":{"line":21,"column":3}},"line":5},"2":{"name":"(anonymous_2)","decl":{"start":{"line":13,"column":19},"end":{"line":13,"column":20}},"loc":{"start":{"line":13,"column":25},"end":{"line":13,"column":39}},"line":13},"3":{"name":"(anonymous_3)","decl":{"start":{"line":17,"column":27},"end":{"line":17,"column":28}},"loc":{"start":{"line":17,"column":33},"end":{"line":17,"column":53}},"line":17},"4":{"name":"(anonymous_4)","decl":{"start":{"line":23,"column":21},"end":{"line":23,"column":22}},"loc":{"start":{"line":23,"column":27},"end":{"line":26,"column":3}},"line":23}},"branchMap":{"0":{"loc":{"start":{"line":6,"column":4},"end":{"line":8,"column":5}},"type":"if","locations":[{"start":{"line":6,"column":4},"end":{"line":8,"column":5}},{"start":{"line":6,"column":4},"end":{"line":8,"column":5}}],"line":6},"1":{"loc":{"start":{"line":10,"column":4},"end":{"line":18,"column":5}},"type":"if","locations":[{"start":{"line":10,"column":4},"end":{"line":18,"column":5}},{"start":{"line":10,"column":4},"end":{"line":18,"column":5}}],"line":10},"2":{"loc":{"start":{"line":12,"column":6},"end":{"line":15,"column":7}},"type":"if","locations":[{"start":{"line":12,"column":6},"end":{"line":15,"column":7}},{"start":{"line":12,"column":6},"end":{"line":15,"column":7}}],"line":12}},"s":{"0":1,"1":3,"2":3,"3":3,"4":6,"5":2,"6":6,"7":2,"8":2,"9":2,"10":2,"11":2,"12":4,"13":1,"14":6,"15":3,"16":1,"17":1,"18":3},"f":{"0":3,"1":6,"2":2,"3":1,"4":1},"b":{"0":[2,4],"1":[2,4],"2":[2,0]},"_coverageSchema":"332fd63041d2c1bcb487cc26dd0d5f7d97098a6c","hash":"fb53ec3c71a52a4d1f28dbacea066257d2dc9d36"}
,"/Users/kong/github/write-your-own/utils/unique.js": {"path":"/Users/kong/github/write-your-own/utils/unique.js","statementMap":{"0":{"start":{"line":2,"column":0},"end":{"line":30,"column":1}},"1":{"start":{"line":3,"column":12},"end":{"line":3,"column":14}},"2":{"start":{"line":4,"column":13},"end":{"line":4,"column":15}},"3":{"start":{"line":6,"column":2},"end":{"line":27,"column":3}},"4":{"start":{"line":7,"column":16},"end":{"line":7,"column":22}},"5":{"start":{"line":8,"column":19},"end":{"line":8,"column":53}},"6":{"start":{"line":11,"column":4},"end":{"line":26,"column":5}},"7":{"start":{"line":12,"column":6},"end":{"line":15,"column":7}},"8":{"start":{"line":13,"column":8},"end":{"line":13,"column":23}},"9":{"start":{"line":14,"column":8},"end":{"line":14,"column":23}},"10":{"start":{"line":18,"column":9},"end":{"line":26,"column":5}},"11":{"start":{"line":19,"column":6},"end":{"line":22,"column":7}},"12":{"start":{"line":20,"column":8},"end":{"line":20,"column":27}},"13":{"start":{"line":21,"column":8},"end":{"line":21,"column":23}},"14":{"start":{"line":24,"column":9},"end":{"line":26,"column":5}},"15":{"start":{"line":25,"column":6},"end":{"line":25,"column":21}},"16":{"start":{"line":29,"column":2},"end":{"line":29,"column":12}},"17":{"start":{"line":33,"column":0},"end":{"line":39,"column":1}},"18":{"start":{"line":34,"column":2},"end":{"line":38,"column":4}},"19":{"start":{"line":37,"column":4},"end":{"line":37,"column":31}},"20":{"start":{"line":42,"column":0},"end":{"line":50,"column":1}},"21":{"start":{"line":43,"column":12},"end":{"line":43,"column":14}},"22":{"start":{"line":44,"column":2},"end":{"line":49,"column":4}},"23":{"start":{"line":47,"column":14},"end":{"line":47,"column":42}},"24":{"start":{"line":48,"column":4},"end":{"line":48,"column":59}},"25":{"start":{"line":53,"column":0},"end":{"line":53,"column":46}},"26":{"start":{"line":53,"column":29},"end":{"line":53,"column":46}},"27":{"start":{"line":55,"column":0},"end":{"line":58,"column":1}},"28":{"start":{"line":56,"column":13},"end":{"line":56,"column":22}},"29":{"start":{"line":57,"column":2},"end":{"line":57,"column":53}},"30":{"start":{"line":57,"column":25},"end":{"line":57,"column":52}}},"fnMap":{"0":{"name":"(anonymous_0)","decl":{"start":{"line":2,"column":18},"end":{"line":2,"column":19}},"loc":{"start":{"line":2,"column":47},"end":{"line":30,"column":1}},"line":2},"1":{"name":"(anonymous_1)","decl":{"start":{"line":33,"column":23},"end":{"line":33,"column":24}},"loc":{"start":{"line":33,"column":32},"end":{"line":39,"column":1}},"line":33},"2":{"name":"(anonymous_2)","decl":{"start":{"line":34,"column":36},"end":{"line":34,"column":37}},"loc":{"start":{"line":34,"column":51},"end":{"line":38,"column":3}},"line":34},"3":{"name":"(anonymous_3)","decl":{"start":{"line":42,"column":23},"end":{"line":42,"column":24}},"loc":{"start":{"line":42,"column":32},"end":{"line":50,"column":1}},"line":42},"4":{"name":"(anonymous_4)","decl":{"start":{"line":44,"column":20},"end":{"line":44,"column":21}},"loc":{"start":{"line":44,"column":35},"end":{"line":49,"column":3}},"line":44},"5":{"name":"(anonymous_5)","decl":{"start":{"line":53,"column":20},"end":{"line":53,"column":21}},"loc":{"start":{"line":53,"column":29},"end":{"line":53,"column":46}},"line":53},"6":{"name":"(anonymous_6)","decl":{"start":{"line":55,"column":20},"end":{"line":55,"column":21}},"loc":{"start":{"line":55,"column":29},"end":{"line":58,"column":1}},"line":55},"7":{"name":"(anonymous_7)","decl":{"start":{"line":57,"column":20},"end":{"line":57,"column":21}},"loc":{"start":{"line":57,"column":25},"end":{"line":57,"column":52}},"line":57}},"branchMap":{"0":{"loc":{"start":{"line":8,"column":19},"end":{"line":8,"column":53}},"type":"cond-expr","locations":[{"start":{"line":8,"column":30},"end":{"line":8,"column":45}},{"start":{"line":8,"column":48},"end":{"line":8,"column":53}}],"line":8},"1":{"loc":{"start":{"line":11,"column":4},"end":{"line":26,"column":5}},"type":"if","locations":[{"start":{"line":11,"column":4},"end":{"line":26,"column":5}},{"start":{"line":11,"column":4},"end":{"line":26,"column":5}}],"line":11},"2":{"loc":{"start":{"line":12,"column":6},"end":{"line":15,"column":7}},"type":"if","locations":[{"start":{"line":12,"column":6},"end":{"line":15,"column":7}},{"start":{"line":12,"column":6},"end":{"line":15,"column":7}}],"line":12},"3":{"loc":{"start":{"line":12,"column":10},"end":{"line":12,"column":33}},"type":"binary-expr","locations":[{"start":{"line":12,"column":10},"end":{"line":12,"column":12}},{"start":{"line":12,"column":16},"end":{"line":12,"column":33}}],"line":12},"4":{"loc":{"start":{"line":18,"column":9},"end":{"line":26,"column":5}},"type":"if","locations":[{"start":{"line":18,"column":9},"end":{"line":26,"column":5}},{"start":{"line":18,"column":9},"end":{"line":26,"column":5}}],"line":18},"5":{"loc":{"start":{"line":19,"column":6},"end":{"line":22,"column":7}},"type":"if","locations":[{"start":{"line":19,"column":6},"end":{"line":22,"column":7}},{"start":{"line":19,"column":6},"end":{"line":22,"column":7}}],"line":19},"6":{"loc":{"start":{"line":24,"column":9},"end":{"line":26,"column":5}},"type":"if","locations":[{"start":{"line":24,"column":9},"end":{"line":26,"column":5}},{"start":{"line":24,"column":9},"end":{"line":26,"column":5}}],"line":24},"7":{"loc":{"start":{"line":48,"column":11},"end":{"line":48,"column":59}},"type":"cond-expr","locations":[{"start":{"line":48,"column":37},"end":{"line":48,"column":42}},{"start":{"line":48,"column":46},"end":{"line":48,"column":58}}],"line":48},"8":{"loc":{"start":{"line":57,"column":25},"end":{"line":57,"column":52}},"type":"binary-expr","locations":[{"start":{"line":57,"column":25},"end":{"line":57,"column":37}},{"start":{"line":57,"column":41},"end":{"line":57,"column":52}}],"line":57}},"s":{"0":1,"1":3,"2":3,"3":3,"4":20,"5":20,"6":20,"7":8,"8":5,"9":5,"10":12,"11":6,"12":3,"13":3,"14":6,"15":4,"16":3,"17":1,"18":1,"19":6,"20":1,"21":1,"22":1,"23":12,"24":12,"25":1,"26":1,"27":1,"28":1,"29":1,"30":6},"f":{"0":3,"1":1,"2":6,"3":1,"4":12,"5":1,"6":1,"7":6},"b":{"0":[6,14],"1":[8,12],"2":[5,3],"3":[8,7],"4":[6,6],"5":[3,3],"6":[4,2],"7":[6,6],"8":[6,4]},"_coverageSchema":"332fd63041d2c1bcb487cc26dd0d5f7d97098a6c","hash":"384a5b947f6d7028459add5d30632bcafa791a74"}
}
