TN:
SF:/Users/kong/github/write-your-own/utils/debounce.js
FN:7,(anonymous_0)
FN:11,(anonymous_1)
FN:19,(anonymous_2)
FN:23,(anonymous_3)
FN:29,(anonymous_4)
FNF:5
FNH:5
FNDA:3,(anonymous_0)
FNDA:6,(anonymous_1)
FNDA:2,(anonymous_2)
FNDA:1,(anonymous_3)
FNDA:1,(anonymous_4)
DA:7,1
DA:8,3
DA:9,3
DA:11,3
DA:12,6
DA:13,2
DA:16,6
DA:17,2
DA:18,2
DA:19,2
DA:20,2
DA:23,4
DA:26,6
DA:29,3
DA:30,1
DA:31,1
DA:34,3
LF:17
LH:17
BRDA:12,0,0,2
BRDA:12,0,1,4
BRDA:16,1,0,2
BRDA:16,1,1,4
BRDA:18,2,0,2
BRDA:18,2,1,0
BRF:6
BRH:5
end_of_record
TN:
SF:/Users/kong/github/write-your-own/utils/unique.js
FN:2,(anonymous_0)
FN:33,(anonymous_1)
FN:34,(anonymous_2)
FN:42,(anonymous_3)
FN:44,(anonymous_4)
FN:53,(anonymous_5)
FN:55,(anonymous_6)
FN:57,(anonymous_7)
FNF:8
FNH:8
FNDA:3,(anonymous_0)
FNDA:1,(anonymous_1)
FNDA:6,(anonymous_2)
FNDA:1,(anonymous_3)
FNDA:12,(anonymous_4)
FNDA:1,(anonymous_5)
FNDA:1,(anonymous_6)
FNDA:6,(anonymous_7)
DA:2,1
DA:3,3
DA:4,3
DA:6,3
DA:7,20
DA:8,20
DA:11,20
DA:12,8
DA:13,5
DA:14,5
DA:18,12
DA:19,6
DA:20,3
DA:21,3
DA:24,6
DA:25,4
DA:29,3
DA:33,1
DA:34,1
DA:37,6
DA:42,1
DA:43,1
DA:44,1
DA:47,12
DA:48,12
DA:53,1
DA:55,1
DA:56,1
DA:57,6
LF:29
LH:29
BRDA:8,0,0,6
BRDA:8,0,1,14
BRDA:11,1,0,8
BRDA:11,1,1,12
BRDA:12,2,0,5
BRDA:12,2,1,3
BRDA:12,3,0,8
BRDA:12,3,1,7
BRDA:18,4,0,6
BRDA:18,4,1,6
BRDA:19,5,0,3
BRDA:19,5,1,3
BRDA:24,6,0,4
BRDA:24,6,1,2
BRDA:48,7,0,6
BRDA:48,7,1,6
BRDA:57,8,0,6
BRDA:57,8,1,4
BRF:18
BRH:18
end_of_record
