TN:
SF:/Users/kong/github/write-your-own/utils/debounce.js
FN:1,(anonymous_0)
FN:5,(anonymous_1)
FN:13,(anonymous_2)
FN:17,(anonymous_3)
FN:23,(anonymous_4)
FNF:5
FNH:5
FNDA:3,(anonymous_0)
FNDA:6,(anonymous_1)
FNDA:2,(anonymous_2)
FNDA:1,(anonymous_3)
FNDA:1,(anonymous_4)
DA:1,1
DA:2,3
DA:3,3
DA:5,3
DA:6,6
DA:7,2
DA:10,6
DA:11,2
DA:12,2
DA:13,2
DA:14,2
DA:17,4
DA:20,6
DA:23,3
DA:24,1
DA:25,1
DA:28,3
LF:17
LH:17
BRDA:6,0,0,2
BRDA:6,0,1,4
BRDA:10,1,0,2
BRDA:10,1,1,4
BRDA:12,2,0,2
BRDA:12,2,1,0
BRF:6
BRH:5
end_of_record
