{"/Users/kong/github/write-your-own/origin/apply.js": {"path":"/Users/kong/github/write-your-own/origin/apply.js","statementMap":{"0":{"start":{"line":1,"column":0},"end":{"line":22,"column":1}},"1":{"start":{"line":2,"column":2},"end":{"line":2,"column":29}},"2":{"start":{"line":3,"column":15},"end":{"line":3,"column":20}},"3":{"start":{"line":4,"column":11},"end":{"line":4,"column":33}},"4":{"start":{"line":5,"column":2},"end":{"line":7,"column":3}},"5":{"start":{"line":6,"column":4},"end":{"line":6,"column":31}},"6":{"start":{"line":8,"column":2},"end":{"line":8,"column":20}},"7":{"start":{"line":9,"column":13},"end":{"line":9,"column":15}},"8":{"start":{"line":10,"column":12},"end":{"line":10,"column":16}},"9":{"start":{"line":11,"column":2},"end":{"line":18,"column":3}},"10":{"start":{"line":12,"column":4},"end":{"line":14,"column":5}},"11":{"start":{"line":13,"column":6},"end":{"line":13,"column":31}},"12":{"start":{"line":15,"column":4},"end":{"line":15,"column":43}},"13":{"start":{"line":17,"column":4},"end":{"line":17,"column":23}},"14":{"start":{"line":20,"column":2},"end":{"line":20,"column":20}},"15":{"start":{"line":21,"column":2},"end":{"line":21,"column":12}}},"fnMap":{"0":{"name":"(anonymous_0)","decl":{"start":{"line":1,"column":30},"end":{"line":1,"column":31}},"loc":{"start":{"line":1,"column":53},"end":{"line":22,"column":1}},"line":1}},"branchMap":{"0":{"loc":{"start":{"line":2,"column":12},"end":{"line":2,"column":29}},"type":"binary-expr","locations":[{"start":{"line":2,"column":12},"end":{"line":2,"column":19}},{"start":{"line":2,"column":23},"end":{"line":2,"column":29}}],"line":2},"1":{"loc":{"start":{"line":11,"column":2},"end":{"line":18,"column":3}},"type":"if","locations":[{"start":{"line":11,"column":2},"end":{"line":18,"column":3}},{"start":{"line":11,"column":2},"end":{"line":18,"column":3}}],"line":11}},"s":{"0":1,"1":1,"2":1,"3":1,"4":1,"5":0,"6":1,"7":1,"8":1,"9":1,"10":1,"11":3,"12":1,"13":0,"14":1,"15":1},"f":{"0":1},"b":{"0":[1,0],"1":[1,0]},"_coverageSchema":"332fd63041d2c1bcb487cc26dd0d5f7d97098a6c","hash":"e7fbf0e948d08ffbd9ba85b6c85431cb0986c7e2"}
,"/Users/kong/github/write-your-own/origin/call.js": {"path":"/Users/kong/github/write-your-own/origin/call.js","statementMap":{"0":{"start":{"line":1,"column":0},"end":{"line":23,"column":1}},"1":{"start":{"line":2,"column":2},"end":{"line":2,"column":29}},"2":{"start":{"line":3,"column":15},"end":{"line":3,"column":20}},"3":{"start":{"line":4,"column":11},"end":{"line":4,"column":33}},"4":{"start":{"line":7,"column":2},"end":{"line":9,"column":3}},"5":{"start":{"line":8,"column":4},"end":{"line":8,"column":31}},"6":{"start":{"line":10,"column":2},"end":{"line":10,"column":20}},"7":{"start":{"line":13,"column":13},"end":{"line":13,"column":15}},"8":{"start":{"line":14,"column":2},"end":{"line":16,"column":3}},"9":{"start":{"line":15,"column":4},"end":{"line":15,"column":37}},"10":{"start":{"line":19,"column":12},"end":{"line":19,"column":45}},"11":{"start":{"line":20,"column":2},"end":{"line":20,"column":20}},"12":{"start":{"line":22,"column":2},"end":{"line":22,"column":12}}},"fnMap":{"0":{"name":"(anonymous_0)","decl":{"start":{"line":1,"column":29},"end":{"line":1,"column":30}},"loc":{"start":{"line":1,"column":47},"end":{"line":23,"column":1}},"line":1}},"branchMap":{"0":{"loc":{"start":{"line":2,"column":12},"end":{"line":2,"column":29}},"type":"binary-expr","locations":[{"start":{"line":2,"column":12},"end":{"line":2,"column":19}},{"start":{"line":2,"column":23},"end":{"line":2,"column":29}}],"line":2}},"s":{"0":1,"1":1,"2":1,"3":1,"4":1,"5":0,"6":1,"7":1,"8":1,"9":3,"10":1,"11":1,"12":1},"f":{"0":1},"b":{"0":[1,0]},"_coverageSchema":"332fd63041d2c1bcb487cc26dd0d5f7d97098a6c","hash":"95c3128c156ae197aa1ea1e20b1ec86f06f78144"}
,"/Users/kong/github/write-your-own/origin/new.js": {"path":"/Users/kong/github/write-your-own/origin/new.js","statementMap":{"0":{"start":{"line":1,"column":0},"end":{"line":11,"column":1}},"1":{"start":{"line":2,"column":12},"end":{"line":2,"column":24}},"2":{"start":{"line":3,"column":20},"end":{"line":3,"column":44}},"3":{"start":{"line":5,"column":2},"end":{"line":5,"column":39}},"4":{"start":{"line":7,"column":12},"end":{"line":7,"column":45}},"5":{"start":{"line":10,"column":2},"end":{"line":10,"column":44}}},"fnMap":{"0":{"name":"objectFactory","decl":{"start":{"line":1,"column":26},"end":{"line":1,"column":39}},"loc":{"start":{"line":1,"column":42},"end":{"line":11,"column":1}},"line":1}},"branchMap":{"0":{"loc":{"start":{"line":10,"column":9},"end":{"line":10,"column":44}},"type":"cond-expr","locations":[{"start":{"line":10,"column":35},"end":{"line":10,"column":38}},{"start":{"line":10,"column":41},"end":{"line":10,"column":44}}],"line":10}},"s":{"0":1,"1":1,"2":1,"3":1,"4":1,"5":1},"f":{"0":1},"b":{"0":[0,1]},"_coverageSchema":"332fd63041d2c1bcb487cc26dd0d5f7d97098a6c","hash":"a025d3be4b7e6c686054b1944ddd710270971cca"}
}
