TN:
SF:/Users/kong/github/write-your-own/origin/apply.js
FN:1,(anonymous_0)
FNF:1
FNH:1
FNDA:1,(anonymous_0)
DA:1,1
DA:2,1
DA:3,1
DA:4,1
DA:5,1
DA:6,0
DA:8,1
DA:9,1
DA:10,1
DA:11,1
DA:12,1
DA:13,3
DA:15,1
DA:17,0
DA:20,1
DA:21,1
LF:16
LH:14
BRDA:2,0,0,1
BRDA:2,0,1,0
BRDA:11,1,0,1
BRDA:11,1,1,0
BRF:4
BRH:2
end_of_record
TN:
SF:/Users/kong/github/write-your-own/origin/bind.js
FN:1,(anonymous_0)
FN:9,(anonymous_1)
FN:11,(anonymous_2)
FNF:3
FNH:3
FNDA:1,(anonymous_0)
FNDA:1,(anonymous_1)
FNDA:2,(anonymous_2)
DA:1,1
DA:2,1
DA:3,0
DA:6,1
DA:7,1
DA:9,1
DA:11,1
DA:12,2
DA:13,2
DA:16,1
DA:17,1
DA:19,1
LF:12
LH:11
BRDA:2,0,0,0
BRDA:2,0,1,1
BRDA:13,1,0,1
BRDA:13,1,1,1
BRF:4
BRH:3
end_of_record
TN:
SF:/Users/kong/github/write-your-own/origin/call.js
FN:1,(anonymous_0)
FNF:1
FNH:1
FNDA:1,(anonymous_0)
DA:1,1
DA:2,1
DA:3,1
DA:4,1
DA:7,1
DA:8,0
DA:10,1
DA:13,1
DA:14,1
DA:15,3
DA:19,1
DA:20,1
DA:22,1
LF:13
LH:12
BRDA:2,0,0,1
BRDA:2,0,1,0
BRF:2
BRH:1
end_of_record
TN:
SF:/Users/kong/github/write-your-own/origin/new.js
FN:1,objectFactory
FNF:1
FNH:1
FNDA:1,objectFactory
DA:1,1
DA:2,1
DA:3,1
DA:5,1
DA:7,1
DA:10,1
LF:6
LH:6
BRDA:10,0,0,0
BRDA:10,0,1,1
BRF:2
BRH:1
end_of_record
